\\mac\home\desktop\study\大三上作业\需求\requirement\micrium3\software\evalboards\microsoft\windows\os2\visual studio\debug\vc140.pdb
\\mac\home\desktop\study\大三上作业\需求\requirement\micrium3\software\evalboards\microsoft\windows\os2\visual studio\debug\vc140.idb
\\mac\home\desktop\study\大三上作业\需求\requirement\micrium3\software\evalboards\microsoft\windows\os2\visual studio\debug\lib_ascii.obj
\\mac\home\desktop\study\大三上作业\需求\requirement\micrium3\software\evalboards\microsoft\windows\os2\visual studio\debug\lib_math.obj
\\mac\home\desktop\study\大三上作业\需求\requirement\micrium3\software\evalboards\microsoft\windows\os2\visual studio\debug\lib_mem.obj
\\mac\home\desktop\study\大三上作业\需求\requirement\micrium3\software\evalboards\microsoft\windows\os2\visual studio\debug\lib_str.obj
\\mac\home\desktop\study\大三上作业\需求\requirement\micrium3\software\evalboards\microsoft\windows\os2\visual studio\debug\os_cpu_c.obj
\\mac\home\desktop\study\大三上作业\需求\requirement\micrium3\software\evalboards\microsoft\windows\os2\visual studio\debug\os_core.obj
\\mac\home\desktop\study\大三上作业\需求\requirement\micrium3\software\evalboards\microsoft\windows\os2\visual studio\debug\os_dbg_r.obj
\\mac\home\desktop\study\大三上作业\需求\requirement\micrium3\software\evalboards\microsoft\windows\os2\visual studio\debug\os_flag.obj
\\mac\home\desktop\study\大三上作业\需求\requirement\micrium3\software\evalboards\microsoft\windows\os2\visual studio\debug\os_mbox.obj
\\mac\home\desktop\study\大三上作业\需求\requirement\micrium3\software\evalboards\microsoft\windows\os2\visual studio\debug\os_mem.obj
\\mac\home\desktop\study\大三上作业\需求\requirement\micrium3\software\evalboards\microsoft\windows\os2\visual studio\debug\os_mutex.obj
\\mac\home\desktop\study\大三上作业\需求\requirement\micrium3\software\evalboards\microsoft\windows\os2\visual studio\debug\os_q.obj
\\mac\home\desktop\study\大三上作业\需求\requirement\micrium3\software\evalboards\microsoft\windows\os2\visual studio\debug\os_sem.obj
\\mac\home\desktop\study\大三上作业\需求\requirement\micrium3\software\evalboards\microsoft\windows\os2\visual studio\debug\os_task.obj
\\mac\home\desktop\study\大三上作业\需求\requirement\micrium3\software\evalboards\microsoft\windows\os2\visual studio\debug\os_time.obj
\\mac\home\desktop\study\大三上作业\需求\requirement\micrium3\software\evalboards\microsoft\windows\os2\visual studio\debug\os_tmr.obj
\\mac\home\desktop\study\大三上作业\需求\requirement\micrium3\software\evalboards\microsoft\windows\os2\visual studio\debug\bsp.obj
\\mac\home\desktop\study\大三上作业\需求\requirement\micrium3\software\evalboards\microsoft\windows\os2\visual studio\debug\cpu_bsp.obj
\\mac\home\desktop\study\大三上作业\需求\requirement\micrium3\software\evalboards\microsoft\windows\os2\visual studio\debug\app.obj
\\mac\home\desktop\study\大三上作业\需求\requirement\micrium3\software\evalboards\microsoft\windows\os2\visual studio\debug\app_hooks.obj
\\mac\home\desktop\study\大三上作业\需求\requirement\micrium3\software\evalboards\microsoft\windows\os2\visual studio\debug\cpu_core.obj
\\mac\home\desktop\study\大三上作业\需求\requirement\micrium3\software\evalboards\microsoft\windows\os2\visual studio\debug\cpu_c.obj
\\mac\home\desktop\study\大三上作业\需求\requirement\micrium3\software\evalboards\microsoft\windows\os2\visual studio\debug\os2.pdb
\\mac\home\desktop\study\大三上作业\需求\requirement\micrium3\software\evalboards\microsoft\windows\os2\visual studio\debug\os2.exe
\\mac\home\desktop\study\大三上作业\需求\requirement\micrium3\software\evalboards\microsoft\windows\os2\visual studio\debug\os2.tlog\cl.command.1.tlog
\\mac\home\desktop\study\大三上作业\需求\requirement\micrium3\software\evalboards\microsoft\windows\os2\visual studio\debug\os2.tlog\cl.read.1.tlog
\\mac\home\desktop\study\大三上作业\需求\requirement\micrium3\software\evalboards\microsoft\windows\os2\visual studio\debug\os2.tlog\cl.write.1.tlog
\\mac\home\desktop\study\大三上作业\需求\requirement\micrium3\software\evalboards\microsoft\windows\os2\visual studio\debug\os2.tlog\link-cvtres.read.1.tlog
\\mac\home\desktop\study\大三上作业\需求\requirement\micrium3\software\evalboards\microsoft\windows\os2\visual studio\debug\os2.tlog\link-cvtres.write.1.tlog
\\mac\home\desktop\study\大三上作业\需求\requirement\micrium3\software\evalboards\microsoft\windows\os2\visual studio\debug\os2.tlog\link-rc.read.1.tlog
\\mac\home\desktop\study\大三上作业\需求\requirement\micrium3\software\evalboards\microsoft\windows\os2\visual studio\debug\os2.tlog\link-rc.write.1.tlog
\\mac\home\desktop\study\大三上作业\需求\requirement\micrium3\software\evalboards\microsoft\windows\os2\visual studio\debug\os2.tlog\link.command.1.tlog
\\mac\home\desktop\study\大三上作业\需求\requirement\micrium3\software\evalboards\microsoft\windows\os2\visual studio\debug\os2.tlog\link.read.1.tlog
\\mac\home\desktop\study\大三上作业\需求\requirement\micrium3\software\evalboards\microsoft\windows\os2\visual studio\debug\os2.tlog\link.write.1.tlog
